<?xml version="1.0" encoding="UTF-8"?>
<testng-results skipped="0" failed="0" ignored="0" total="1" passed="1">
  <reporter-output>
  </reporter-output>
  <suite name="Default suite" duration-ms="20765" started-at="2020-11-07T11:30:57 IST" finished-at="2020-11-07T11:31:17 IST">
    <groups>
    </groups>
    <test name="Default test" duration-ms="20765" started-at="2020-11-07T11:30:57 IST" finished-at="2020-11-07T11:31:17 IST">
      <class name="in.amazon.demo.CommonDriverTest">
        <test-method status="PASS" signature="verifyCommonDriver()[pri:0, instance:in.amazon.demo.CommonDriverTest@4bbfb90a]" name="verifyCommonDriver" duration-ms="20640" started-at="2020-11-07T11:30:57 IST" finished-at="2020-11-07T11:31:17 IST">
          <reporter-output>
          </reporter-output>
        </test-method> <!-- verifyCommonDriver -->
      </class> <!-- in.amazon.demo.CommonDriverTest -->
    </test> <!-- Default test -->
  </suite> <!-- Default suite -->
</testng-results>
